<?xml version="1.0" encoding="UTF-8"?>
<!-- Generated by org.testng.reporters.JUnitReportReporter -->
<testsuite hostname="DESKTOP-BB6NM3K" failures="0" tests="1" name="day1.FirstTest" time="8.754" errors="0" timestamp="2024-10-18T02:01:01 GMT-07:00" skipped="0">
  <testcase classname="day1.FirstTest" name="m1" time="8.754"/>
  <system-out/>
</testsuite> <!-- day1.FirstTest -->
